Fri Nov 28 01:01:56 UTC 2025: Starting 1_format_data
=== Analyzing data directory: /home/runner/work/LMR2/LMR2/data/CFR_Run_17_Reviz_49/ ===
Found 10 NetCDF files:
  - job_r09_recon.nc
  - job_r04_recon.nc
  - job_r01_recon.nc
  - job_r10_recon.nc
  - job_r02_recon.nc
  - job_r08_recon.nc
  - job_r07_recon.nc
  - job_r03_recon.nc
  - job_r05_recon.nc
  - job_r06_recon.nc
Detected: CFR/LMR2 reconstruction (treating as generic format)
 ===== STARTING script 1: Reformatting data for lmr_vCFR_Run_17_Reviz_49_tas_annual =====
=== Processing CFR/LMR2 Reconstruction ===
Loading: /home/runner/work/LMR2/LMR2/data/CFR_Run_17_Reviz_49/job_r09_recon.nc
Dataset variables: ['tas_gm', 'tas_nhm', 'tas_shm', 'tas']
Dataset dimensions: {'time': 2001, 'ens': 10, 'lat': 42, 'lon': 63}
Warning: No config file found at /home/runner/work/LMR2/LMR2/data/CFR_Run_17_Reviz_49/configs.yml
Maximum latitude bound is 92.1951219512195. Setting to 90
Minimum latitude bound is -92.1951219512195. Setting to -90
Variable shapes:
  var_spatial_members: (1, 1, 2001, 42, 63)
  var_spatial_mean: (1, 2001, 42, 63)
  var_global_members: (1, 1, 2001)
  var_global_mean: (1, 2001)
 ===== FINISHED script 1: Data reformatted and saved to: /home/runner/work/LMR2/LMR2/data/CFR_Run_17_Reviz_49/lmr_vCFR_Run_17_Reviz_49_tas_annual.nc =====
Fri Nov 28 01:01:57 UTC 2025: Script 1 exited with code: 0
Fri Nov 28 01:01:57 UTC 2025: SUCCESS - Script 1 completed successfully
